
ROM used:   127/8192 (2%)
            127/8192 (2%) including unused fragments

            0.2 Average locations per line
            6.7 Average locations per statement

RAM used:   8/368 (2%) at main() level
            9/368 (2%) worst case

Stack used: 0 worst case (0 in main + 0 for interrupts)
Stack size: 8

Lines Stmts  %   Files
----- ----- ---  -----
   36    19 100  ortakanod.c
  676     0   0  ..\..\..\..\..\..\..\..\..\..\..\Program Files (x86)\PICC\Devices\16f877.h
----- -----
  712    19 Total

Page ROM  %  RAM    Vol Diff  Functions:
---- --- --- ---    --- ----  ----------
0     23  18    1             @delay_ms1
0     20  16    0             @const695
0     80  63    1    457  5.2  main
 Inline         0             @cinit1

Program metrics:
    Functions               1
    Statements              19
    Comments                127
    Volume (V)              464
    Difficulty (D)          4.8
    Effort to implement (E) 2248
    Time to implement (T)   2 minutes
    Est Delivered Bugs (B)  0
    Cyclomatic Complexity   1
    Maintainability (MI)    42

 Segment     Used  Free
-----------  ----  ----
00000-00003     4  0  
00004-007FF   123  1921  
00800-00FFF     0  2048  
01000-017FF     0  2048  
01800-01FFF     0  2048  



