
ROM used:   140/8192 (2%)
            140/8192 (2%) including unused fragments

            0.2 Average locations per line
            7.4 Average locations per statement

RAM used:   14/368 (4%) at main() level
            15/368 (4%) worst case

Stack used: 0 worst case (0 in main + 0 for interrupts)
Stack size: 8

Lines Stmts  %   Files
----- ----- ---  -----
   54    19 100  diy.c
  676     0   0  ..\..\..\..\..\..\..\..\..\..\..\Program Files (x86)\PICC\Devices\16f877.h
----- -----
  730    19 Total

Page ROM  %  RAM    Vol Diff  Functions:
---- --- --- ---    --- ----  ----------
0     14  10    0             @const695
0     13   9    1     83  3.2  ext_kesmesi
0     66  47    0    321  2.3  MAIN
 Inline         0             @cinit1

Program metrics:
    Functions               2
    Statements              19
    Comments                140
    Volume (V)              476
    Difficulty (D)          5.6
    Effort to implement (E) 2663
    Time to implement (T)   2 minutes
    Est Delivered Bugs (B)  0
    Cyclomatic Complexity   1
    Maintainability (MI)    125

 Segment     Used  Free
-----------  ----  ----
00000-00003     4  0  
00004-0002E    43  0  
0002F-007FF    93  1908  
00800-00FFF     0  2048  
01000-017FF     0  2048  
01800-01FFF     0  2048  



