
ROM used:   116/8192 (1%)
            116/8192 (1%) including unused fragments

            0.2 Average locations per line
            7.3 Average locations per statement

RAM used:   13/368 (4%) at main() level
            13/368 (4%) worst case

Stack used: 1 worst case (0 in main + 1 for interrupts)
Stack size: 8

Lines Stmts  %   Files
----- ----- ---  -----
   35    16 100  kesme_ters.c
  676     0   0  ..\..\..\..\..\..\..\..\..\..\..\Program Files (x86)\PICC\Devices\16f877.h
----- -----
  711    16 Total

Page ROM  %  RAM    Vol Diff  Functions:
---- --- --- ---    --- ----  ----------
0      6   5    0     17  0.8  ext_kesmesi
0     63  54    0    321  2.3  MAIN
 Inline         0             @cinit1

Program metrics:
    Functions               2
    Statements              16
    Comments                129
    Volume (V)              371
    Difficulty (D)          3.4
    Effort to implement (E) 1279
    Time to implement (T)   1 minutes
    Est Delivered Bugs (B)  0
    Cyclomatic Complexity   1
    Maintainability (MI)    104

 Segment     Used  Free
-----------  ----  ----
00000-00003     4  0  
00004-0002E    43  0  
0002F-007FF    69  1932  
00800-00FFF     0  2048  
01000-017FF     0  2048  
01800-01FFF     0  2048  



