
ROM used:   123/8192 (2%)
            123/8192 (2%) including unused fragments

            0.2 Average locations per line
            6.8 Average locations per statement

RAM used:   13/368 (4%) at main() level
            13/368 (4%) worst case

Stack used: 1 worst case (0 in main + 1 for interrupts)
Stack size: 8

Lines Stmts  %   Files
----- ----- ---  -----
   36    18 100  buton1.c
  676     0   0  ..\..\..\..\..\..\..\..\..\..\..\Program Files (x86)\PICC\Devices\16f877.h
----- -----
  712    18 Total

Page ROM  %  RAM    Vol Diff  Functions:
---- --- --- ---    --- ----  ----------
0      8   7    0     32  1.0  timerO_kesme
0     68  55    0    362  2.8  MAIN
 Inline         0             @cinit1

Program metrics:
    Functions               2
    Statements              18
    Comments                125
    Volume (V)              440
    Difficulty (D)          4.0
    Effort to implement (E) 1739
    Time to implement (T)   2 minutes
    Est Delivered Bugs (B)  0
    Cyclomatic Complexity   1
    Maintainability (MI)    92

 Segment     Used  Free
-----------  ----  ----
00000-00003     4  0  
00004-0002E    43  0  
0002F-007FF    76  1925  
00800-00FFF     0  2048  
01000-017FF     0  2048  
01800-01FFF     0  2048  



