
ROM used:   109/8192 (1%)
            109/8192 (1%) including unused fragments

            0.2 Average locations per line
            6.4 Average locations per statement

RAM used:   8/368 (2%) at main() level
            9/368 (2%) worst case

Stack used: 0 worst case (0 in main + 0 for interrupts)
Stack size: 8

Lines Stmts  %   Files
----- ----- ---  -----
   29    17 100  main.c
  676     0   0  ..\..\..\..\..\..\..\..\..\..\..\Program Files (x86)\PICC\Devices\16f877.h
----- -----
  705    17 Total

Page ROM  %  RAM    Vol Diff  Functions:
---- --- --- ---    --- ----  ----------
0     23  21    1             @delay_ms1
0     82  75    2    465  4.8  main
 Inline         0             @cinit1

Program metrics:
    Functions               1
    Statements              17
    Comments                127
    Volume (V)              470
    Difficulty (D)          4.5
    Effort to implement (E) 2130
    Time to implement (T)   2 minutes
    Est Delivered Bugs (B)  0
    Cyclomatic Complexity   1
    Maintainability (MI)    44

 Segment     Used  Free
-----------  ----  ----
00000-00003     4  0  
00004-007FF   105  1939  
00800-00FFF     0  2048  
01000-017FF     0  2048  
01800-01FFF     0  2048  



