
ROM used:   593/8192 (7%)
            593/8192 (7%) including unused fragments

            0.5 Average locations per line
            5.0 Average locations per statement

RAM used:   10/368 (3%) at main() level
            25/368 (7%) worst case

Stack used: 5 worst case (5 in main + 0 for interrupts)
Stack size: 8

Lines Stmts  %   Files
----- ----- ---  -----
   53    35  29  diy1.c
  676     0   0  ..\..\..\..\..\..\..\..\..\..\..\Program Files (x86)\PICC\Devices\16f877.h
  456    84  71  ..\..\..\..\..\..\..\..\..\..\..\Program Files (x86)\PICC\Drivers\lcd.c
----- -----
 1185   119 Total

Page ROM  %  RAM    Vol Diff  Functions:
---- --- --- ---    --- ----  ----------
0     21   4    1             @delay_ms1
 Inline         3    596  5.9  lcd_read_byte
0      6   1    0     59  4.2  lcd_read_nibble
0     12   2    1    179  3.3  lcd_send_nibble
0     64  11    3    460  4.7  lcd_send_byte
0     62  10    6    814  7.2  lcd_init
0     18   3    4    208  6.3  lcd_gotoxy
0     44   7    1    354  4.7  lcd_putc
0    159  27    2   1065  4.8  MAIN
0      3   1    0             @const736
0     86  15    4             @PSTRINGC7_719
0     21   4    3             @DIV88
0     87  15    6             @PRINTF_D_719
0      3   1    0             @const748
0      3   1    0             @const750
 Inline         0             @cinit1

Program metrics:
    Functions               8
    Statements              119
    Comments                222
    Volume (V)              5544
    Difficulty (D)          38.6
    Effort to implement (E) 214063
    Time to implement (T)   3 hours, 18 minutes
    Est Delivered Bugs (B)  1
    Cyclomatic Complexity   10
    Maintainability (MI)    141

 Segment     Used  Free
-----------  ----  ----
00000-00003     4  0  
00004-007FF   589  1455  
00800-00FFF     0  2048  
01000-017FF     0  2048  
01800-01FFF     0  2048  



