
ROM used:   182/8192 (2%)
            182/8192 (2%) including unused fragments

            0.2 Average locations per line
            6.7 Average locations per statement

RAM used:   16/368 (4%) at main() level
            17/368 (5%) worst case

Stack used: 1 worst case (0 in main + 1 for interrupts)
Stack size: 8

Lines Stmts  %   Files
----- ----- ---  -----
   66    27 100  bonus.c
  676     0   0  ..\..\..\..\..\..\..\..\..\..\..\Program Files (x86)\PICC\Devices\16f877.h
----- -----
  742    27 Total

Page ROM  %  RAM    Vol Diff  Functions:
---- --- --- ---    --- ----  ----------
0     23  13    1             @delay_ms1
0     14   8    0             @const696
0      6   3    0     21  1.7  ext_kesmesi
0     92  51    1    608  6.2  MAIN
 Inline         0             @cinit1

Program metrics:
    Functions               2
    Statements              27
    Comments                141
    Volume (V)              676
    Difficulty (D)          8.0
    Effort to implement (E) 5399
    Time to implement (T)   5 minutes
    Est Delivered Bugs (B)  0
    Cyclomatic Complexity   3
    Maintainability (MI)    120

 Segment     Used  Free
-----------  ----  ----
00000-00003     4  0  
00004-0002E    43  0  
0002F-007FF   135  1866  
00800-00FFF     0  2048  
01000-017FF     0  2048  
01800-01FFF     0  2048  



