
ROM used:   122/8192 (1%)
            122/8192 (1%) including unused fragments

            0.2 Average locations per line
            5.1 Average locations per statement

RAM used:   8/368 (2%) at main() level
            9/368 (2%) worst case

Stack used: 0 worst case (0 in main + 0 for interrupts)
Stack size: 8

Lines Stmts  %   Files
----- ----- ---  -----
   39    24 100  main.c
  676     0   0  ..\..\..\..\..\..\..\..\..\..\..\..\Program Files (x86)\PICC\Devices\16f877.h
----- -----
  715    24 Total

Page ROM  %  RAM    Vol Diff  Functions:
---- --- --- ---    --- ----  ----------
0     21  17    1             @delay_ms1
0     97  80    2    637  5.3  main
 Inline         0             @cinit1

Program metrics:
    Functions               1
    Statements              24
    Comments                125
    Volume (V)              642
    Difficulty (D)          5.1
    Effort to implement (E) 3265
    Time to implement (T)   3 minutes
    Est Delivered Bugs (B)  0
    Cyclomatic Complexity   3
    Maintainability (MI)    35

 Segment     Used  Free
-----------  ----  ----
00000-00003     4  0  
00004-007FF   118  1926  
00800-00FFF     0  2048  
01000-017FF     0  2048  
01800-01FFF     0  2048  



