
ROM used:   1090/8192 (13%)
            1090/8192 (13%) including unused fragments

            0.9 Average locations per line
            10.3 Average locations per statement

RAM used:   14/368 (4%) at main() level
            39/368 (11%) worst case

Stack used: 5 worst case (5 in main + 0 for interrupts)
Stack size: 8

Lines Stmts  %   Files
----- ----- ---  -----
   38    22  21  fprintf.c
  676     0   0  ..\..\..\..\..\..\..\..\..\..\..\Program Files (x86)\PICC\Devices\16f877.h
  456    84  79  ..\..\..\..\..\..\..\..\..\..\..\Program Files (x86)\PICC\Drivers\lcd.c
----- -----
 1170   106 Total

Page ROM  %  RAM    Vol Diff  Functions:
---- --- --- ---    --- ----  ----------
0     21   2    1             @delay_ms1
 Inline         3    596  5.9  lcd_read_byte
0      6   1    0     59  4.2  lcd_read_nibble
0     12   1    1    179  3.3  lcd_send_nibble
0     64   6    3    460  4.7  lcd_send_byte
0     62   6    6    814  7.2  lcd_init
0     18   2    4    208  6.3  lcd_gotoxy
0     44   4    1    354  4.7  lcd_putc
0    145  13    6    652  2.8  MAIN
0      1   0    0             @const737
0     88   8    4             @PSTRINGC7_719
0      4   0    0             @const742
0     87   8    5             @PSTRINGCN7_719
0     21   2    3             @DIV88
0     89   8    6             @PRINTF_D_719
0      4   0    0             @const751
 Inline        13             @MULFF
 Inline         5             @FTOSD
0     79   7   13             @DIV3232
0    341  31   13             @PRINTF_L32D_719FPFPF
 Inline         0             @cinit1

Program metrics:
    Functions               8
    Statements              106
    Comments                223
    Volume (V)              5022
    Difficulty (D)          35.9
    Effort to implement (E) 180165
    Time to implement (T)   2 hours, 47 minutes
    Est Delivered Bugs (B)  1
    Cyclomatic Complexity   8
    Maintainability (MI)    143

 Segment     Used  Free
-----------  ----  ----
00000-00003     4  0  
00004-007FF  1086  958  
00800-00FFF     0  2048  
01000-017FF     0  2048  
01800-01FFF     0  2048  



