
ROM used:   1414/8192 (17%)
            1414/8192 (17%) including unused fragments

            1.1 Average locations per line
            11.4 Average locations per statement

RAM used:   28/368 (8%) at main() level
            50/368 (14%) worst case

Stack used: 5 worst case (4 in main + 1 for interrupts)
Stack size: 8

Lines Stmts  %   Files
----- ----- ---  -----
   74    40  32  diy2.c
  708     0   0  ..\..\..\..\..\..\..\..\..\..\..\Program Files (x86)\PICC\Devices\16f877a.h
  456    84  68  ..\..\..\..\..\..\..\..\..\..\..\Program Files (x86)\PICC\Drivers\lcd.c
----- -----
 1238   124 Total

Page ROM  %  RAM    Vol Diff  Functions:
---- --- --- ---    --- ----  ----------
0     21   1    1             @delay_ms1
 Inline         3    596  5.9  lcd_read_byte
0      6   0    0     59  4.2  lcd_read_nibble
0     12   1    1    179  3.3  lcd_send_nibble
0     64   5    3    460  4.7  lcd_send_byte
0     62   4    6    814  7.2  lcd_init
0     18   1    4    208  6.3  lcd_gotoxy
0     44   3    1    354  4.7  lcd_putc
0     12   1    0     37  1.1  timer1_isr
0    251  18    4   1173  6.7  MAIN
0     29   2    4   1040  5.8  @DTOF
0    117   8   13             @MULFF
0    202  14   14   1086  6.6  @DIVFF
0      1   0    0   1086  6.6  @const752
0     88   6    4             @PSTRINGC7_726
 Inline         5             @FTOSD
0     79   6   13             @DIV3232
0    226  16   13             @PRINTF_L32D_726FPFPF
0    101   7    9             @PRINTF_LU_726
 Inline         0             @cinit1

Program metrics:
    Functions               12
    Statements              124
    Comments                236
    Volume (V)              10936
    Difficulty (D)          60.4
    Effort to implement (E) 660435
    Time to implement (T)   10 hours, 12 minutes
    Est Delivered Bugs (B)  3
    Cyclomatic Complexity   16
    Maintainability (MI)    125

 Segment     Used  Free
-----------  ----  ----
00000-00003     4  0  
00004-00050    77  0  
00051-007FF  1333  634  
00800-00FFF     0  2048  
01000-017FF     0  2048  
01800-01FFF     0  2048  



