
ROM used:   181/8192 (2%)
            181/8192 (2%) including unused fragments

            0.2 Average locations per line
            5.3 Average locations per statement

RAM used:   11/368 (3%) at main() level
            13/368 (4%) worst case

Stack used: 1 worst case (1 in main + 0 for interrupts)
Stack size: 8

Lines Stmts  %   Files
----- ----- ---  -----
   57    34 100  ikisegment.c
  676     0   0  ..\..\..\..\..\..\..\..\..\..\..\Program Files (x86)\PICC\Devices\16f877.h
----- -----
  733    34 Total

Page ROM  %  RAM    Vol Diff  Functions:
---- --- --- ---    --- ----  ----------
0     21  12    1             @delay_ms1
0     20  11    0             @const698
0    115  64    1    907  5.8  main
0     21  12    3             @DIV88
 Inline         0             @cinit1

Program metrics:
    Functions               1
    Statements              34
    Comments                130
    Volume (V)              917
    Difficulty (D)          5.5
    Effort to implement (E) 5047
    Time to implement (T)   5 minutes
    Est Delivered Bugs (B)  0
    Cyclomatic Complexity   2
    Maintainability (MI)    32

 Segment     Used  Free
-----------  ----  ----
00000-00003     4  0  
00004-007FF   177  1867  
00800-00FFF     0  2048  
01000-017FF     0  2048  
01800-01FFF     0  2048  



