
ROM used:   131/8192 (2%)
            131/8192 (2%) including unused fragments

            0.2 Average locations per line
            4.9 Average locations per statement

RAM used:   8/368 (2%) at main() level
            9/368 (2%) worst case

Stack used: 0 worst case (0 in main + 0 for interrupts)
Stack size: 8

Lines Stmts  %   Files
----- ----- ---  -----
   41    27 100  main.c
  676     0   0  ..\..\..\..\..\..\..\..\..\..\..\..\Program Files (x86)\PICC\Devices\16f877.h
----- -----
  717    27 Total

Page ROM  %  RAM    Vol Diff  Functions:
---- --- --- ---    --- ----  ----------
0     21  16    1             @delay_ms1
0    106  81    2    745  5.3  main
 Inline         0             @cinit1

Program metrics:
    Functions               1
    Statements              27
    Comments                126
    Volume (V)              750
    Difficulty (D)          5.1
    Effort to implement (E) 3851
    Time to implement (T)   4 minutes
    Est Delivered Bugs (B)  0
    Cyclomatic Complexity   4
    Maintainability (MI)    33

 Segment     Used  Free
-----------  ----  ----
00000-00003     4  0  
00004-007FF   127  1917  
00800-00FFF     0  2048  
01000-017FF     0  2048  
01800-01FFF     0  2048  



