
ROM used:   115/8192 (1%)
            115/8192 (1%) including unused fragments

            0.2 Average locations per line
            6.1 Average locations per statement

RAM used:   12/368 (3%) at main() level
            12/368 (3%) worst case

Stack used: 1 worst case (0 in main + 1 for interrupts)
Stack size: 8

Lines Stmts  %   Files
----- ----- ---  -----
   40    19 100  compare.c
  676     0   0  ..\..\..\..\..\..\..\..\..\..\..\Program Files (x86)\PICC\Devices\16f877.h
----- -----
  716    19 Total

Page ROM  %  RAM    Vol Diff  Functions:
---- --- --- ---    --- ----  ----------
0     10   9    0     32  1.0  ccp2_kesme
0     56  49    0    391  3.3  MAIN
 Inline         0             @cinit1

Program metrics:
    Functions               2
    Statements              19
    Comments                123
    Volume (V)              470
    Difficulty (D)          4.4
    Effort to implement (E) 2075
    Time to implement (T)   2 minutes
    Est Delivered Bugs (B)  0
    Cyclomatic Complexity   1
    Maintainability (MI)    86

 Segment     Used  Free
-----------  ----  ----
00000-00003     4  0  
00004-00030    45  0  
00031-007FF    66  1933  
00800-00FFF     0  2048  
01000-017FF     0  2048  
01800-01FFF     0  2048  



