
ROM used:   128/8192 (2%)
            128/8192 (2%) including unused fragments

            0.2 Average locations per line
            7.5 Average locations per statement

RAM used:   13/368 (4%) at main() level
            13/368 (4%) worst case

Stack used: 1 worst case (0 in main + 1 for interrupts)
Stack size: 8

Lines Stmts  %   Files
----- ----- ---  -----
   35    17 100  timer1.c
  676     0   0  ..\..\..\..\..\..\..\..\..\..\..\Program Files (x86)\PICC\Devices\16f877.h
----- -----
  711    17 Total

Page ROM  %  RAM    Vol Diff  Functions:
---- --- --- ---    --- ----  ----------
0     11   9    0     32  1.0  timer1_kesme
0     68  53    0    336  2.8  MAIN
 Inline         0             @cinit1

Program metrics:
    Functions               2
    Statements              17
    Comments                126
    Volume (V)              413
    Difficulty (D)          3.9
    Effort to implement (E) 1621
    Time to implement (T)   2 minutes
    Est Delivered Bugs (B)  0
    Cyclomatic Complexity   1
    Maintainability (MI)    95

 Segment     Used  Free
-----------  ----  ----
00000-00003     4  0  
00004-00030    45  0  
00031-007FF    79  1920  
00800-00FFF     0  2048  
01000-017FF     0  2048  
01800-01FFF     0  2048  



