
ROM used:   100/8192 (1%)
            100/8192 (1%) including unused fragments

            0.1 Average locations per line
            6.3 Average locations per statement

RAM used:   8/368 (2%) at main() level
            9/368 (2%) worst case

Stack used: 0 worst case (0 in main + 0 for interrupts)
Stack size: 8

Lines Stmts  %   Files
----- ----- ---  -----
   31    16 100  main.c
  676     0   0  ..\..\..\..\..\..\..\..\..\..\..\Program Files (x86)\PICC\Devices\16f877.h
----- -----
  707    16 Total

Page ROM  %  RAM    Vol Diff  Functions:
---- --- --- ---    --- ----  ----------
0     21  21    1             @delay_ms1
0     75  75    1    357  2.8  main
 Inline         0             @cinit1

Program metrics:
    Functions               1
    Statements              16
    Comments                128
    Volume (V)              361
    Difficulty (D)          2.7
    Effort to implement (E) 963
    Time to implement (T)   1 minutes
    Est Delivered Bugs (B)  0
    Cyclomatic Complexity   1
    Maintainability (MI)    47

 Segment     Used  Free
-----------  ----  ----
00000-00003     4  0  
00004-007FF    96  1948  
00800-00FFF     0  2048  
01000-017FF     0  2048  
01800-01FFF     0  2048  



