
ROM used:   143/8192 (2%)
            143/8192 (2%) including unused fragments

            0.2 Average locations per line
            5.3 Average locations per statement

RAM used:   8/368 (2%) at main() level
            9/368 (2%) worst case

Stack used: 0 worst case (0 in main + 0 for interrupts)
Stack size: 8

Lines Stmts  %   Files
----- ----- ---  -----
   47    27 100  buton0dan9.c
  676     0   0  ..\..\..\..\..\..\..\..\..\..\..\Program Files (x86)\PICC\Devices\16f877.h
----- -----
  723    27 Total

Page ROM  %  RAM    Vol Diff  Functions:
---- --- --- ---    --- ----  ----------
0     21  15    1             @delay_ms1
0     20  14    0             @const695
0     98  69    1    681  6.3  main
 Inline         0             @cinit1

Program metrics:
    Functions               1
    Statements              27
    Comments                129
    Volume (V)              688
    Difficulty (D)          5.9
    Effort to implement (E) 4065
    Time to implement (T)   4 minutes
    Est Delivered Bugs (B)  0
    Cyclomatic Complexity   3
    Maintainability (MI)    35

 Segment     Used  Free
-----------  ----  ----
00000-00003     4  0  
00004-007FF   139  1905  
00800-00FFF     0  2048  
01000-017FF     0  2048  
01800-01FFF     0  2048  



