
ROM used:   128/8192 (2%)
            128/8192 (2%) including unused fragments

            0.2 Average locations per line
            6.1 Average locations per statement

RAM used:   12/368 (3%) at main() level
            12/368 (3%) worst case

Stack used: 1 worst case (0 in main + 1 for interrupts)
Stack size: 8

Lines Stmts  %   Files
----- ----- ---  -----
   47    21 100  capture.c
  676     0   0  ..\..\..\..\..\..\..\..\..\..\..\Program Files (x86)\PICC\Devices\16f877.h
----- -----
  723    21 Total

Page ROM  %  RAM    Vol Diff  Functions:
---- --- --- ---    --- ----  ----------
0     23  18    0     80  2.4  ccp1_kesme
0     56  44    0    391  3.3  MAIN
 Inline         0             @cinit1

Program metrics:
    Functions               2
    Statements              21
    Comments                135
    Volume (V)              543
    Difficulty (D)          5.8
    Effort to implement (E) 3157
    Time to implement (T)   3 minutes
    Est Delivered Bugs (B)  0
    Cyclomatic Complexity   1
    Maintainability (MI)    112

 Segment     Used  Free
-----------  ----  ----
00000-00003     4  0  
00004-00030    45  0  
00031-007FF    79  1920  
00800-00FFF     0  2048  
01000-017FF     0  2048  
01800-01FFF     0  2048  



