
ROM used:   68/8192 (1%)
            68/8192 (1%) including unused fragments

            0.1 Average locations per line
            4.0 Average locations per statement

RAM used:   7/368 (2%) at main() level
            7/368 (2%) worst case

Stack used: 0 worst case (0 in main + 0 for interrupts)
Stack size: 8

Lines Stmts  %   Files
----- ----- ---  -----
   33    17 100  dogrukod.c
  676     0   0  ..\..\..\..\..\..\..\..\..\..\..\Program Files (x86)\PICC\Devices\16f877.h
----- -----
  709    17 Total

Page ROM  %  RAM    Vol Diff  Functions:
---- --- --- ---    --- ----  ----------
0     64  94    1    373  3.3  main
 Inline         0             @cinit1

Program metrics:
    Functions               1
    Statements              17
    Comments                126
    Volume (V)              375
    Difficulty (D)          3.2
    Effort to implement (E) 1197
    Time to implement (T)   1 minutes
    Est Delivered Bugs (B)  0
    Cyclomatic Complexity   1
    Maintainability (MI)    44

 Segment     Used  Free
-----------  ----  ----
00000-00003     4  0  
00004-007FF    64  1980  
00800-00FFF     0  2048  
01000-017FF     0  2048  
01800-01FFF     0  2048  



